This is pdfTeX, Version 3.141592653-2.6-1.40.24 (TeX Live 2022) (preloaded format=pdflatex 2022.11.14)  6 DEC 2022 14:01
entering extended mode
 restricted \write18 enabled.
 file:line:error style messages enabled.
 %&-line parsing enabled.
**"/Users/carlosmeisel/Library/CloudStorage/OneDrive-TexasA&MUniversity/Course Work/Senior/Fall 22'/Aero417/RealEngineCycle_TurboProp/finalreport/finalreport.tex"
(/Users/carlosmeisel/Library/CloudStorage/OneDrive-TexasA&MUniversity/Course Work/Senior/Fall 22'/Aero417/RealEngineCycle_TurboProp/finalreport/finalreport.tex
LaTeX2e <2022-11-01>
L3 programming layer <2022-11-02> (/usr/local/texlive/2022basic/texmf-dist/tex/latex/base/article.cls
Document Class: article 2022/07/02 v1.4n Standard LaTeX document class
(/usr/local/texlive/2022basic/texmf-dist/tex/latex/base/size10.clo
File: size10.clo 2022/07/02 v1.4n Standard LaTeX file (size option)
)
\c@part=\count185
\c@section=\count186
\c@subsection=\count187
\c@subsubsection=\count188
\c@paragraph=\count189
\c@subparagraph=\count190
\c@figure=\count191
\c@table=\count192
\abovecaptionskip=\skip47
\belowcaptionskip=\skip48
\bibindent=\dimen140
) (/usr/local/texlive/2022basic/texmf-dist/tex/latex/base/fontenc.sty
Package: fontenc 2021/04/29 v2.0v Standard LaTeX package
) (/usr/local/texlive/2022basic/texmf-dist/tex/latex/amsmath/amsmath.sty
Package: amsmath 2022/04/08 v2.17n AMS math features
\@mathmargin=\skip49

For additional information on amsmath, use the `?' option.
(/usr/local/texlive/2022basic/texmf-dist/tex/latex/amsmath/amstext.sty
Package: amstext 2021/08/26 v2.01 AMS text
 (/usr/local/texlive/2022basic/texmf-dist/tex/latex/amsmath/amsgen.sty
File: amsgen.sty 1999/11/30 v2.0 generic functions
\@emptytoks=\toks16
\ex@=\dimen141
)) (/usr/local/texlive/2022basic/texmf-dist/tex/latex/amsmath/amsbsy.sty
Package: amsbsy 1999/11/29 v1.2d Bold Symbols
\pmbraise@=\dimen142
) (/usr/local/texlive/2022basic/texmf-dist/tex/latex/amsmath/amsopn.sty
Package: amsopn 2022/04/08 v2.04 operator names
)
\inf@bad=\count193
LaTeX Info: Redefining \frac on input line 234.
\uproot@=\count194
\leftroot@=\count195
LaTeX Info: Redefining \overline on input line 399.
LaTeX Info: Redefining \colon on input line 410.
\classnum@=\count196
\DOTSCASE@=\count197
LaTeX Info: Redefining \ldots on input line 496.
LaTeX Info: Redefining \dots on input line 499.
LaTeX Info: Redefining \cdots on input line 620.
\Mathstrutbox@=\box51
\strutbox@=\box52
LaTeX Info: Redefining \big on input line 722.
LaTeX Info: Redefining \Big on input line 723.
LaTeX Info: Redefining \bigg on input line 724.
LaTeX Info: Redefining \Bigg on input line 725.
\big@size=\dimen143
LaTeX Font Info:    Redeclaring font encoding OML on input line 743.
LaTeX Font Info:    Redeclaring font encoding OMS on input line 744.
\macc@depth=\count198
LaTeX Info: Redefining \bmod on input line 905.
LaTeX Info: Redefining \pmod on input line 910.
LaTeX Info: Redefining \smash on input line 940.
LaTeX Info: Redefining \relbar on input line 970.
LaTeX Info: Redefining \Relbar on input line 971.
\c@MaxMatrixCols=\count199
\dotsspace@=\muskip16
\c@parentequation=\count266
\dspbrk@lvl=\count267
\tag@help=\toks17
\row@=\count268
\column@=\count269
\maxfields@=\count270
\andhelp@=\toks18
\eqnshift@=\dimen144
\alignsep@=\dimen145
\tagshift@=\dimen146
\tagwidth@=\dimen147
\totwidth@=\dimen148
\lineht@=\dimen149
\@envbody=\toks19
\multlinegap=\skip50
\multlinetaggap=\skip51
\mathdisplay@stack=\toks20
LaTeX Info: Redefining \[ on input line 2953.
LaTeX Info: Redefining \] on input line 2954.
) (/usr/local/texlive/2022basic/texmf-dist/tex/generic/babel/babel.sty
Package: babel 2022/10/23 3.82 The Babel package
\babel@savecnt=\count271
\U@D=\dimen150
\l@unhyphenated=\language23
 (/usr/local/texlive/2022basic/texmf-dist/tex/generic/babel/txtbabel.def)
\bbl@readstream=\read2
\bbl@dirlevel=\count272
Package babel Info: You haven't specified a language. I'll use 'nil'
(babel)             as the main language. Reported on input line 4468.
 (/usr/local/texlive/2022basic/texmf-dist/tex/generic/babel/nil.ldf
Language: nil 2022/10/23 3.82 Nil language
\l@nil=\language24
)) (/usr/local/texlive/2022basic/texmf-dist/tex/latex/graphics/graphicx.sty
Package: graphicx 2021/09/16 v1.2d Enhanced LaTeX Graphics (DPC,SPQR)
 (/usr/local/texlive/2022basic/texmf-dist/tex/latex/graphics/keyval.sty
Package: keyval 2022/05/29 v1.15 key=value parser (DPC)
\KV@toks@=\toks21
) (/usr/local/texlive/2022basic/texmf-dist/tex/latex/graphics/graphics.sty
Package: graphics 2022/03/10 v1.4e Standard LaTeX Graphics (DPC,SPQR)
 (/usr/local/texlive/2022basic/texmf-dist/tex/latex/graphics/trig.sty
Package: trig 2021/08/11 v1.11 sin cos tan (DPC)
) (/usr/local/texlive/2022basic/texmf-dist/tex/latex/graphics-cfg/graphics.cfg
File: graphics.cfg 2016/06/04 v1.11 sample graphics configuration
)
Package graphics Info: Driver file: pdftex.def on input line 107.
 (/usr/local/texlive/2022basic/texmf-dist/tex/latex/graphics-def/pdftex.def
File: pdftex.def 2022/09/22 v1.2b Graphics/color driver for pdftex
))
\Gin@req@height=\dimen151
\Gin@req@width=\dimen152
) (/usr/local/texlive/2022basic/texmf-dist/tex/latex/geometry/geometry.sty
Package: geometry 2020/01/02 v5.9 Page Geometry
 (/usr/local/texlive/2022basic/texmf-dist/tex/generic/iftex/ifvtex.sty
Package: ifvtex 2019/10/25 v1.7 ifvtex legacy package. Use iftex instead.
 (/usr/local/texlive/2022basic/texmf-dist/tex/generic/iftex/iftex.sty
Package: iftex 2022/02/03 v1.0f TeX engine tests
))
\Gm@cnth=\count273
\Gm@cntv=\count274
\c@Gm@tempcnt=\count275
\Gm@bindingoffset=\dimen153
\Gm@wd@mp=\dimen154
\Gm@odd@mp=\dimen155
\Gm@even@mp=\dimen156
\Gm@layoutwidth=\dimen157
\Gm@layoutheight=\dimen158
\Gm@layouthoffset=\dimen159
\Gm@layoutvoffset=\dimen160
\Gm@dimlist=\toks22
) (/usr/local/texlive/2022basic/texmf-dist/tex/latex/l3backend/l3backend-pdftex.def
File: l3backend-pdftex.def 2022-10-26 L3 backend support: PDF output (pdfTeX)
\l__color_backend_stack_int=\count276
\l__pdf_internal_box=\box53
) (./finalreport.aux

LaTeX Warning: Label `eq:total pressure' multiply defined.


LaTeX Warning: Label `eq:total density' multiply defined.

)
\openout1 = `finalreport.aux'.

LaTeX Font Info:    Checking defaults for OML/cmm/m/it on input line 21.
LaTeX Font Info:    ... okay on input line 21.
LaTeX Font Info:    Checking defaults for OMS/cmsy/m/n on input line 21.
LaTeX Font Info:    ... okay on input line 21.
LaTeX Font Info:    Checking defaults for OT1/cmr/m/n on input line 21.
LaTeX Font Info:    ... okay on input line 21.
LaTeX Font Info:    Checking defaults for T1/cmr/m/n on input line 21.
LaTeX Font Info:    ... okay on input line 21.
LaTeX Font Info:    Checking defaults for TS1/cmr/m/n on input line 21.
LaTeX Font Info:    ... okay on input line 21.
LaTeX Font Info:    Checking defaults for OMX/cmex/m/n on input line 21.
LaTeX Font Info:    ... okay on input line 21.
LaTeX Font Info:    Checking defaults for U/cmr/m/n on input line 21.
LaTeX Font Info:    ... okay on input line 21.
 (/usr/local/texlive/2022basic/texmf-dist/tex/context/base/mkii/supp-pdf.mkii
[Loading MPS to PDF converter (version 2006.09.02).]
\scratchcounter=\count277
\scratchdimen=\dimen161
\scratchbox=\box54
\nofMPsegments=\count278
\nofMParguments=\count279
\everyMPshowfont=\toks23
\MPscratchCnt=\count280
\MPscratchDim=\dimen162
\MPnumerator=\count281
\makeMPintoPDFobject=\count282
\everyMPtoPDFconversion=\toks24
) (/usr/local/texlive/2022basic/texmf-dist/tex/latex/epstopdf-pkg/epstopdf-base.sty
Package: epstopdf-base 2020-01-24 v2.11 Base part for package epstopdf
Package epstopdf-base Info: Redefining graphics rule for `.eps' on input line 485.
 (/usr/local/texlive/2022basic/texmf-dist/tex/latex/latexconfig/epstopdf-sys.cfg
File: epstopdf-sys.cfg 2010/07/13 v1.3 Configuration of (r)epstopdf for TeX Live
))
*geometry* driver: auto-detecting
*geometry* detected driver: pdftex
*geometry* verbose mode - [ preamble ] result:
* driver: pdftex
* paper: <default>
* layout: <same size as paper>
* layoutoffset:(h,v)=(0.0pt,0.0pt)
* modes: 
* h-part:(L,W,R)=(72.26999pt, 469.75502pt, 72.26999pt)
* v-part:(T,H,B)=(72.26999pt, 650.43001pt, 72.26999pt)
* \paperwidth=614.295pt
* \paperheight=794.96999pt
* \textwidth=469.75502pt
* \textheight=650.43001pt
* \oddsidemargin=0.0pt
* \evensidemargin=0.0pt
* \topmargin=-37.0pt
* \headheight=12.0pt
* \headsep=25.0pt
* \topskip=10.0pt
* \footskip=30.0pt
* \marginparwidth=65.0pt
* \marginparsep=11.0pt
* \columnsep=10.0pt
* \skip\footins=9.0pt plus 4.0pt minus 2.0pt
* \hoffset=0.0pt
* \voffset=0.0pt
* \mag=1000
* \@twocolumnfalse
* \@twosidefalse
* \@mparswitchfalse
* \@reversemarginfalse
* (1in=72.27pt=25.4mm, 1cm=28.453pt)

[1

{/usr/local/texlive/2022basic/texmf-var/fonts/map/pdftex/updmap/pdftex.map}] (./finalreport.toc)
\tf@toc=\write3
\openout3 = `finalreport.toc'.

 [1] [2] [3] [4] [5]
LaTeX Font Info:    Trying to load font information for T1+cmtt on input line 392.
 (/usr/local/texlive/2022basic/texmf-dist/tex/latex/base/t1cmtt.fd
File: t1cmtt.fd 2022/07/10 v2.5l Standard LaTeX font definitions
) [6] [7] [8] [9] [10] [11] [12] [13] [14] [15] [16] [17] [18] [19]
<./images//veltri1.png, id=83, 791.95876pt x 763.85374pt>
File: ./images//veltri1.png Graphic file (type png)
<use ./images//veltri1.png>
Package pdftex.def Info: ./images//veltri1.png  used on input line 1453.
(pdftex.def)             Requested size: 352.31625pt x 339.81477pt.
<./images//veltri2.png, id=85, 772.8875pt x 374.39874pt>
File: ./images//veltri2.png Graphic file (type png)
<use ./images//veltri2.png>
Package pdftex.def Info: ./images//veltri2.png  used on input line 1457.
(pdftex.def)             Requested size: 352.31625pt x 170.6659pt.
 [20 <./images//veltri1.png>]
<./images//veltri3.png, id=90, 770.88pt x 735.74875pt>
File: ./images//veltri3.png Graphic file (type png)
<use ./images//veltri3.png>
Package pdftex.def Info: ./images//veltri3.png  used on input line 1461.
(pdftex.def)             Requested size: 352.31625pt x 336.25934pt.
<./images//airfoilstack.png, id=91, 582.175pt x 845.1575pt>
File: ./images//airfoilstack.png Graphic file (type png)
<use ./images//airfoilstack.png>
Package pdftex.def Info: ./images//airfoilstack.png  used on input line 1468.
(pdftex.def)             Requested size: 352.31625pt x 511.47017pt.
 [21 <./images//veltri2.png> <./images//veltri3.png>]
<./images//airfoilstack2.png, id=97, 667.49374pt x 784.9325pt>
File: ./images//airfoilstack2.png Graphic file (type png)
<use ./images//airfoilstack2.png>
Package pdftex.def Info: ./images//airfoilstack2.png  used on input line 1472.
(pdftex.def)             Requested size: 352.31625pt x 414.3115pt.
 [22 <./images//airfoilstack.png>] [23 <./images//airfoilstack2.png>] [24] [25]
<./images//CompressorMap1.png, id=113, 589.7232pt x 408.3255pt>
File: ./images//CompressorMap1.png Graphic file (type png)
<use ./images//CompressorMap1.png>
Package pdftex.def Info: ./images//CompressorMap1.png  used on input line 1643.
(pdftex.def)             Requested size: 469.75502pt x 325.25896pt.

Overfull \hbox (25.00003pt too wide) in paragraph at lines 1643--1644
 [] 
 []

<./images//CompressorMap2.png, id=114, 656.2116pt x 440.847pt>
File: ./images//CompressorMap2.png Graphic file (type png)
<use ./images//CompressorMap2.png>
Package pdftex.def Info: ./images//CompressorMap2.png  used on input line 1646.
(pdftex.def)             Requested size: 469.75502pt x 315.59337pt.

Overfull \hbox (25.00003pt too wide) in paragraph at lines 1646--1647
 [][] 
 []

[26 <./images//CompressorMap1.png>]
<./images//CompressorMap3.png, id=119, 694.5147pt x 450.2421pt>
File: ./images//CompressorMap3.png Graphic file (type png)
<use ./images//CompressorMap3.png>
Package pdftex.def Info: ./images//CompressorMap3.png  used on input line 1648.
(pdftex.def)             Requested size: 469.75502pt x 304.53922pt.

Overfull \hbox (25.00003pt too wide) in paragraph at lines 1648--1649
 [][] 
 []

[27 <./images//CompressorMap2.png> <./images//CompressorMap3.png>] [28]
<./images////airfoil1.jpeg, id=130, 1798.72pt x 1372.12625pt>
File: ./images////airfoil1.jpeg Graphic file (type jpg)
<use ./images////airfoil1.jpeg>
Package pdftex.def Info: ./images////airfoil1.jpeg  used on input line 1779.
(pdftex.def)             Requested size: 352.31625pt x 268.74648pt.
<./images////airfoil2.jpeg, id=131, 1002.74625pt x 774.895pt>
File: ./images////airfoil2.jpeg Graphic file (type jpg)
<use ./images////airfoil2.jpeg>
Package pdftex.def Info: ./images////airfoil2.jpeg  used on input line 1783.
(pdftex.def)             Requested size: 352.31625pt x 272.25781pt.
 [29 <./images////airfoil1.jpeg>]
<./images////airfoil3.jpeg, id=135, 1793.70125pt x 1373.13pt>
File: ./images////airfoil3.jpeg Graphic file (type jpg)
<use ./images////airfoil3.jpeg>
Package pdftex.def Info: ./images////airfoil3.jpeg  used on input line 1787.
(pdftex.def)             Requested size: 352.31625pt x 269.69736pt.
<./images////compgrid.jpeg, id=136, 1800.7275pt x 1365.1pt>
File: ./images////compgrid.jpeg Graphic file (type jpg)
<use ./images////compgrid.jpeg>
Package pdftex.def Info: ./images////compgrid.jpeg  used on input line 1791.
(pdftex.def)             Requested size: 352.31625pt x 267.07869pt.
 [30 <./images////airfoil2.jpeg> <./images////airfoil3.jpeg>]
<./images////Mach.jpeg, id=141, 1811.76875pt x 1372.12625pt>
File: ./images////Mach.jpeg Graphic file (type jpg)
<use ./images////Mach.jpeg>
Package pdftex.def Info: ./images////Mach.jpeg  used on input line 1795.
(pdftex.def)             Requested size: 352.31625pt x 266.82028pt.
<./images////Pressure.jpeg, id=142, 1786.675pt x 1360.08125pt>
File: ./images////Pressure.jpeg Graphic file (type jpg)
<use ./images////Pressure.jpeg>
Package pdftex.def Info: ./images////Pressure.jpeg  used on input line 1799.
(pdftex.def)             Requested size: 352.31625pt x 268.19286pt.
 [31 <./images////compgrid.jpeg> <./images////Mach.jpeg>]
<./images////velocity.jpeg, id=146, 1787.67876pt x 1361.085pt>
File: ./images////velocity.jpeg Graphic file (type jpg)
<use ./images////velocity.jpeg>
Package pdftex.def Info: ./images////velocity.jpeg  used on input line 1803.
(pdftex.def)             Requested size: 352.31625pt x 268.2454pt.
 [32 <./images////Pressure.jpeg> <./images////velocity.jpeg>] [33] [34] [35] [36]
<./images//CompressorMap.png, id=163, 1022.82124pt x 705.13437pt>
File: ./images//CompressorMap.png Graphic file (type png)
<use ./images//CompressorMap.png>
Package pdftex.def Info: ./images//CompressorMap.png  used on input line 2198.
(pdftex.def)             Requested size: 469.75502pt x 323.84929pt.
 [37 <./images//CompressorMap.png>] [38]
<./images//fig_N.png, id=171, 729.2043pt x 437.2335pt>
File: ./images//fig_N.png Graphic file (type png)
<use ./images//fig_N.png>
Package pdftex.def Info: ./images//fig_N.png  used on input line 2347.
(pdftex.def)             Requested size: 469.75502pt x 281.66985pt.
 [39 <./images//fig_N.png>]
Overfull \hbox (7.46812pt too wide) in paragraph at lines 2429--2446
 [] 
 []

[40]
Overfull \hbox (17.46568pt too wide) in paragraph at lines 2516--2533
 [] 
 []


Overfull \hbox (7.46812pt too wide) in paragraph at lines 2544--2561
 [] 
 []

[41]
<./images//FHV.png, id=182, 632.3625pt x 382.3083pt>
File: ./images//FHV.png Graphic file (type png)
<use ./images//FHV.png>
Package pdftex.def Info: ./images//FHV.png  used on input line 2578.
(pdftex.def)             Requested size: 469.75502pt x 284.00624pt.
<./images//TSFCHV.png, id=183, 769.6755pt x 373.6359pt>
File: ./images//TSFCHV.png Graphic file (type png)
<use ./images//TSFCHV.png>
Package pdftex.def Info: ./images//TSFCHV.png  used on input line 2582.
(pdftex.def)             Requested size: 469.75502pt x 228.04298pt.
 [42 <./images//FHV.png>] [43 <./images//TSFCHV.png>] (./finalreport.aux)

LaTeX Warning: There were multiply-defined labels.

 ) 
Here is how much of TeX's memory you used:
 3993 strings out of 476422
 64655 string characters out of 5810349
 452644 words of memory out of 5000000
 25241 multiletter control sequences out of 15000+600000
 481381 words of font info for 54 fonts, out of 8000000 for 9000
 319 hyphenation exceptions out of 8191
 55i,13n,62p,882b,288s stack positions out of 10000i,1000n,20000p,200000b,200000s
 </Users/carlosmeisel/Library/texlive/2022basic/texmf-var/fonts/pk/ljfour/jknappen/ec/tcrm1000.600pk> </Users/carlosmeisel/Library/texlive/2022basic/texmf-var/fonts/pk/ljfour/jknappen/ec/ecti1000.600pk> </Users/carlosmeisel/Library/texlive/2022basic/texmf-var/fonts/pk/ljfour/jknappen/ec/ectt1000.600pk> </Users/carlosmeisel/Library/texlive/2022basic/texmf-var/fonts/pk/ljfour/jknappen/ec/ecbx1200.600pk> </Users/carlosmeisel/Library/texlive/2022basic/texmf-var/fonts/pk/ljfour/jknappen/ec/ecrm1000.600pk> </Users/carlosmeisel/Library/texlive/2022basic/texmf-var/fonts/pk/ljfour/jknappen/ec/ecbx1000.600pk> </Users/carlosmeisel/Library/texlive/2022basic/texmf-var/fonts/pk/ljfour/jknappen/ec/ecbx1440.600pk> </Users/carlosmeisel/Library/texlive/2022basic/texmf-var/fonts/pk/ljfour/jknappen/ec/ecrm1200.600pk> </Users/carlosmeisel/Library/texlive/2022basic/texmf-var/fonts/pk/ljfour/jknappen/ec/ecrm1728.600pk></usr/local/texlive/2022basic/texmf-dist/fonts/type1/public/amsfonts/cm/cmex10.pfb></usr/local/texlive/2022basic/texmf-dist/fonts/type1/public/amsfonts/cm/cmmi10.pfb></usr/local/texlive/2022basic/texmf-dist/fonts/type1/public/amsfonts/cm/cmmi5.pfb></usr/local/texlive/2022basic/texmf-dist/fonts/type1/public/amsfonts/cm/cmmi7.pfb></usr/local/texlive/2022basic/texmf-dist/fonts/type1/public/amsfonts/cm/cmr10.pfb></usr/local/texlive/2022basic/texmf-dist/fonts/type1/public/amsfonts/cm/cmr5.pfb></usr/local/texlive/2022basic/texmf-dist/fonts/type1/public/amsfonts/cm/cmr7.pfb></usr/local/texlive/2022basic/texmf-dist/fonts/type1/public/amsfonts/cm/cmsy10.pfb></usr/local/texlive/2022basic/texmf-dist/fonts/type1/public/amsfonts/cm/cmsy5.pfb></usr/local/texlive/2022basic/texmf-dist/fonts/type1/public/amsfonts/cm/cmsy7.pfb>
Output written on finalreport.pdf (44 pages, 2930946 bytes).
PDF statistics:
 589 PDF objects out of 1000 (max. 8388607)
 167 compressed objects within 2 object streams
 0 named destinations out of 1000 (max. 500000)
 96 words of extra memory for PDF output out of 10000 (max. 10000000)

