This is pdfTeX, Version 3.141592653-2.6-1.40.24 (TeX Live 2022) (preloaded format=pdflatex 2022.11.14)  29 NOV 2022 21:01
entering extended mode
 restricted \write18 enabled.
 file:line:error style messages enabled.
 %&-line parsing enabled.
**"/Users/carlosmeisel/Library/CloudStorage/OneDrive-TexasA&MUniversity/Course Work/Senior/Fall 22'/Aero417/RealEngineCycle_TurboProp/task5/report/task5.tex"
(/Users/carlosmeisel/Library/CloudStorage/OneDrive-TexasA&MUniversity/Course Work/Senior/Fall 22'/Aero417/RealEngineCycle_TurboProp/task5/report/task5.tex
LaTeX2e <2022-11-01>
L3 programming layer <2022-11-02> (/usr/local/texlive/2022basic/texmf-dist/tex/latex/base/article.cls
Document Class: article 2022/07/02 v1.4n Standard LaTeX document class
(/usr/local/texlive/2022basic/texmf-dist/tex/latex/base/size12.clo
File: size12.clo 2022/07/02 v1.4n Standard LaTeX file (size option)
)
\c@part=\count185
\c@section=\count186
\c@subsection=\count187
\c@subsubsection=\count188
\c@paragraph=\count189
\c@subparagraph=\count190
\c@figure=\count191
\c@table=\count192
\abovecaptionskip=\skip47
\belowcaptionskip=\skip48
\bibindent=\dimen140
) (/usr/local/texlive/2022basic/texmf-dist/tex/latex/base/fontenc.sty
Package: fontenc 2021/04/29 v2.0v Standard LaTeX package
) (/usr/local/texlive/2022basic/texmf-dist/tex/latex/amsmath/amsmath.sty
Package: amsmath 2022/04/08 v2.17n AMS math features
\@mathmargin=\skip49

For additional information on amsmath, use the `?' option.
(/usr/local/texlive/2022basic/texmf-dist/tex/latex/amsmath/amstext.sty
Package: amstext 2021/08/26 v2.01 AMS text
 (/usr/local/texlive/2022basic/texmf-dist/tex/latex/amsmath/amsgen.sty
File: amsgen.sty 1999/11/30 v2.0 generic functions
\@emptytoks=\toks16
\ex@=\dimen141
)) (/usr/local/texlive/2022basic/texmf-dist/tex/latex/amsmath/amsbsy.sty
Package: amsbsy 1999/11/29 v1.2d Bold Symbols
\pmbraise@=\dimen142
) (/usr/local/texlive/2022basic/texmf-dist/tex/latex/amsmath/amsopn.sty
Package: amsopn 2022/04/08 v2.04 operator names
)
\inf@bad=\count193
LaTeX Info: Redefining \frac on input line 234.
\uproot@=\count194
\leftroot@=\count195
LaTeX Info: Redefining \overline on input line 399.
LaTeX Info: Redefining \colon on input line 410.
\classnum@=\count196
\DOTSCASE@=\count197
LaTeX Info: Redefining \ldots on input line 496.
LaTeX Info: Redefining \dots on input line 499.
LaTeX Info: Redefining \cdots on input line 620.
\Mathstrutbox@=\box51
\strutbox@=\box52
LaTeX Info: Redefining \big on input line 722.
LaTeX Info: Redefining \Big on input line 723.
LaTeX Info: Redefining \bigg on input line 724.
LaTeX Info: Redefining \Bigg on input line 725.
\big@size=\dimen143
LaTeX Font Info:    Redeclaring font encoding OML on input line 743.
LaTeX Font Info:    Redeclaring font encoding OMS on input line 744.
\macc@depth=\count198
LaTeX Info: Redefining \bmod on input line 905.
LaTeX Info: Redefining \pmod on input line 910.
LaTeX Info: Redefining \smash on input line 940.
LaTeX Info: Redefining \relbar on input line 970.
LaTeX Info: Redefining \Relbar on input line 971.
\c@MaxMatrixCols=\count199
\dotsspace@=\muskip16
\c@parentequation=\count266
\dspbrk@lvl=\count267
\tag@help=\toks17
\row@=\count268
\column@=\count269
\maxfields@=\count270
\andhelp@=\toks18
\eqnshift@=\dimen144
\alignsep@=\dimen145
\tagshift@=\dimen146
\tagwidth@=\dimen147
\totwidth@=\dimen148
\lineht@=\dimen149
\@envbody=\toks19
\multlinegap=\skip50
\multlinetaggap=\skip51
\mathdisplay@stack=\toks20
LaTeX Info: Redefining \[ on input line 2953.
LaTeX Info: Redefining \] on input line 2954.
) (/usr/local/texlive/2022basic/texmf-dist/tex/generic/babel/babel.sty
Package: babel 2022/10/23 3.82 The Babel package
\babel@savecnt=\count271
\U@D=\dimen150
\l@unhyphenated=\language23
 (/usr/local/texlive/2022basic/texmf-dist/tex/generic/babel/txtbabel.def)
\bbl@readstream=\read2
\bbl@dirlevel=\count272
 (/usr/local/texlive/2022basic/texmf-dist/tex/generic/babel-english/english.ldf
Language: english 2017/06/06 v3.3r English support from the babel system
Package babel Info: Hyphen rules for 'canadian' set to \l@english
(babel)             (\language0). Reported on input line 102.
Package babel Info: Hyphen rules for 'australian' set to \l@ukenglish
(babel)             (\language7). Reported on input line 105.
Package babel Info: Hyphen rules for 'newzealand' set to \l@ukenglish
(babel)             (\language7). Reported on input line 108.
)) (/usr/local/texlive/2022basic/texmf-dist/tex/generic/babel/locale/en/babel-english.tex
Package babel Info: Importing font and identification data for english
(babel)             from babel-en.ini. Reported on input line 11.
) (/usr/local/texlive/2022basic/texmf-dist/tex/latex/graphics/graphicx.sty
Package: graphicx 2021/09/16 v1.2d Enhanced LaTeX Graphics (DPC,SPQR)
 (/usr/local/texlive/2022basic/texmf-dist/tex/latex/graphics/keyval.sty
Package: keyval 2022/05/29 v1.15 key=value parser (DPC)
\KV@toks@=\toks21
) (/usr/local/texlive/2022basic/texmf-dist/tex/latex/graphics/graphics.sty
Package: graphics 2022/03/10 v1.4e Standard LaTeX Graphics (DPC,SPQR)
 (/usr/local/texlive/2022basic/texmf-dist/tex/latex/graphics/trig.sty
Package: trig 2021/08/11 v1.11 sin cos tan (DPC)
) (/usr/local/texlive/2022basic/texmf-dist/tex/latex/graphics-cfg/graphics.cfg
File: graphics.cfg 2016/06/04 v1.11 sample graphics configuration
)
Package graphics Info: Driver file: pdftex.def on input line 107.
 (/usr/local/texlive/2022basic/texmf-dist/tex/latex/graphics-def/pdftex.def
File: pdftex.def 2022/09/22 v1.2b Graphics/color driver for pdftex
))
\Gin@req@height=\dimen151
\Gin@req@width=\dimen152
) (/usr/local/texlive/2022basic/texmf-dist/tex/latex/l3backend/l3backend-pdftex.def
File: l3backend-pdftex.def 2022-10-26 L3 backend support: PDF output (pdfTeX)
\l__color_backend_stack_int=\count273
\l__pdf_internal_box=\box53
) (./task5.aux

LaTeX Warning: Label `eq:total pressure' multiply defined.


LaTeX Warning: Label `eq:total density' multiply defined.

)
\openout1 = `task5.aux'.

LaTeX Font Info:    Checking defaults for OML/cmm/m/it on input line 16.
LaTeX Font Info:    ... okay on input line 16.
LaTeX Font Info:    Checking defaults for OMS/cmsy/m/n on input line 16.
LaTeX Font Info:    ... okay on input line 16.
LaTeX Font Info:    Checking defaults for OT1/cmr/m/n on input line 16.
LaTeX Font Info:    ... okay on input line 16.
LaTeX Font Info:    Checking defaults for T1/cmr/m/n on input line 16.
LaTeX Font Info:    ... okay on input line 16.
LaTeX Font Info:    Checking defaults for TS1/cmr/m/n on input line 16.
LaTeX Font Info:    ... okay on input line 16.
LaTeX Font Info:    Checking defaults for OMX/cmex/m/n on input line 16.
LaTeX Font Info:    ... okay on input line 16.
LaTeX Font Info:    Checking defaults for U/cmr/m/n on input line 16.
LaTeX Font Info:    ... okay on input line 16.
 (/usr/local/texlive/2022basic/texmf-dist/tex/context/base/mkii/supp-pdf.mkii
[Loading MPS to PDF converter (version 2006.09.02).]
\scratchcounter=\count274
\scratchdimen=\dimen153
\scratchbox=\box54
\nofMPsegments=\count275
\nofMParguments=\count276
\everyMPshowfont=\toks22
\MPscratchCnt=\count277
\MPscratchDim=\dimen154
\MPnumerator=\count278
\makeMPintoPDFobject=\count279
\everyMPtoPDFconversion=\toks23
) (/usr/local/texlive/2022basic/texmf-dist/tex/latex/epstopdf-pkg/epstopdf-base.sty
Package: epstopdf-base 2020-01-24 v2.11 Base part for package epstopdf
Package epstopdf-base Info: Redefining graphics rule for `.eps' on input line 485.
 (/usr/local/texlive/2022basic/texmf-dist/tex/latex/latexconfig/epstopdf-sys.cfg
File: epstopdf-sys.cfg 2010/07/13 v1.3 Configuration of (r)epstopdf for TeX Live
)) [1

{/usr/local/texlive/2022basic/texmf-var/fonts/map/pdftex/updmap/pdftex.map}] [2]
LaTeX Font Info:    Trying to load font information for T1+cmtt on input line 124.
 (/usr/local/texlive/2022basic/texmf-dist/tex/latex/base/t1cmtt.fd
File: t1cmtt.fd 2022/07/10 v2.5l Standard LaTeX font definitions
)
<../images////airfoil1.jpeg, id=24, 1798.72pt x 1372.12625pt>
File: ../images////airfoil1.jpeg Graphic file (type jpg)
<use ../images////airfoil1.jpeg>
Package pdftex.def Info: ../images////airfoil1.jpeg  used on input line 145.
(pdftex.def)             Requested size: 390.0pt x 297.49289pt.


LaTeX Warning: `h' float specifier changed to `ht'.

<../images////airfoil2.jpeg, id=25, 1002.74625pt x 774.895pt>
File: ../images////airfoil2.jpeg Graphic file (type jpg)
<use ../images////airfoil2.jpeg>
Package pdftex.def Info: ../images////airfoil2.jpeg  used on input line 152.
(pdftex.def)             Requested size: 390.0pt x 301.38016pt.

LaTeX Warning: `h' float specifier changed to `ht'.

<../images////airfoil3.jpeg, id=26, 1793.70125pt x 1373.13pt>
File: ../images////airfoil3.jpeg Graphic file (type jpg)
<use ../images////airfoil3.jpeg>
Package pdftex.def Info: ../images////airfoil3.jpeg  used on input line 160.
(pdftex.def)             Requested size: 390.0pt x 298.5486pt.

LaTeX Warning: `h' float specifier changed to `ht'.

<../images////compgrid.jpeg, id=27, 1800.7275pt x 1365.1pt>
File: ../images////compgrid.jpeg Graphic file (type jpg)
<use ../images////compgrid.jpeg>
Package pdftex.def Info: ../images////compgrid.jpeg  used on input line 168.
(pdftex.def)             Requested size: 390.0pt x 295.63625pt.

LaTeX Warning: `h' float specifier changed to `ht'.

<../images////velocity.jpeg, id=28, 1787.67876pt x 1361.085pt>
File: ../images////velocity.jpeg Graphic file (type jpg)
<use ../images////velocity.jpeg>
Package pdftex.def Info: ../images////velocity.jpeg  used on input line 175.
(pdftex.def)             Requested size: 390.0pt x 296.92665pt.

LaTeX Warning: `h' float specifier changed to `ht'.

<../images////Pressure.jpeg, id=29, 1786.675pt x 1360.08125pt>
File: ../images////Pressure.jpeg Graphic file (type jpg)
<use ../images////Pressure.jpeg>
Package pdftex.def Info: ../images////Pressure.jpeg  used on input line 182.
(pdftex.def)             Requested size: 390.0pt x 296.87369pt.

LaTeX Warning: `h' float specifier changed to `ht'.

<../images////Mach.jpeg, id=30, 1811.76875pt x 1372.12625pt>
File: ../images////Mach.jpeg Graphic file (type jpg)
<use ../images////Mach.jpeg>
Package pdftex.def Info: ../images////Mach.jpeg  used on input line 189.
(pdftex.def)             Requested size: 390.0pt x 295.35733pt.

LaTeX Warning: `h' float specifier changed to `ht'.

[3] [4 <../images////airfoil1.jpeg>] [5 <../images////airfoil2.jpeg>] [6 <../images////airfoil3.jpeg>] [7 <../images////compgrid.jpeg>] [8 <../images////velocity.jpeg>] [9 <../images////Pressure.jpeg>] [10 <../images////Mach.jpeg>] (./task5.aux)

LaTeX Warning: There were multiply-defined labels.

 ) 
Here is how much of TeX's memory you used:
 3348 strings out of 476422
 54281 string characters out of 5810349
 410725 words of memory out of 5000000
 24621 multiletter control sequences out of 15000+600000
 479216 words of font info for 53 fonts, out of 8000000 for 9000
 319 hyphenation exceptions out of 8191
 55i,6n,62p,365b,233s stack positions out of 10000i,1000n,20000p,200000b,200000s
 </Users/carlosmeisel/Library/texlive/2022basic/texmf-var/fonts/pk/ljfour/jknappen/ec/ectt1200.600pk> </Users/carlosmeisel/Library/texlive/2022basic/texmf-var/fonts/pk/ljfour/jknappen/ec/tcrm1200.600pk> </Users/carlosmeisel/Library/texlive/2022basic/texmf-var/fonts/pk/ljfour/jknappen/ec/ecti1200.600pk> </Users/carlosmeisel/Library/texlive/2022basic/texmf-var/fonts/pk/ljfour/jknappen/ec/ecrm1200.600pk> </Users/carlosmeisel/Library/texlive/2022basic/texmf-var/fonts/pk/ljfour/jknappen/ec/ecbx1728.600pk> </Users/carlosmeisel/Library/texlive/2022basic/texmf-var/fonts/pk/ljfour/jknappen/ec/ecrm1440.600pk> </Users/carlosmeisel/Library/texlive/2022basic/texmf-var/fonts/pk/ljfour/jknappen/ec/ecrm2074.600pk></usr/local/texlive/2022basic/texmf-dist/fonts/type1/public/amsfonts/cm/cmex10.pfb></usr/local/texlive/2022basic/texmf-dist/fonts/type1/public/amsfonts/cm/cmmi12.pfb></usr/local/texlive/2022basic/texmf-dist/fonts/type1/public/amsfonts/cm/cmmi6.pfb></usr/local/texlive/2022basic/texmf-dist/fonts/type1/public/amsfonts/cm/cmmi8.pfb></usr/local/texlive/2022basic/texmf-dist/fonts/type1/public/amsfonts/cm/cmr12.pfb></usr/local/texlive/2022basic/texmf-dist/fonts/type1/public/amsfonts/cm/cmr6.pfb></usr/local/texlive/2022basic/texmf-dist/fonts/type1/public/amsfonts/cm/cmr8.pfb></usr/local/texlive/2022basic/texmf-dist/fonts/type1/public/amsfonts/cm/cmsy10.pfb></usr/local/texlive/2022basic/texmf-dist/fonts/type1/public/amsfonts/cm/cmsy6.pfb>
Output written on task5.pdf (10 pages, 1405615 bytes).
PDF statistics:
 266 PDF objects out of 1000 (max. 8388607)
 79 compressed objects within 1 object stream
 0 named destinations out of 1000 (max. 500000)
 36 words of extra memory for PDF output out of 10000 (max. 10000000)

